!SESSION 2016-03-16 09:37:25.423 -----------------------------------------------
eclipse.buildId=4.5.1.M20150904-0015
java.version=1.7.0_95
java.vendor=Oracle Corporation
BootLoader constants: OS=linux, ARCH=x86_64, WS=gtk, NL=en_US
Framework arguments:  -product org.eclipse.epp.package.java.product
Command-line arguments:  -os linux -ws gtk -arch x86_64 -product org.eclipse.epp.package.java.product

!ENTRY org.eclipse.osgi 4 0 2016-03-16 09:37:28.439
!MESSAGE Application error
!STACK 1
org.eclipse.swt.SWTError: No more handles [gtk_init_check() failed]
	at org.eclipse.swt.SWT.error(SWT.java:4517)
	at org.eclipse.swt.widgets.Display.createDisplay(Display.java:908)
	at org.eclipse.swt.widgets.Display.create(Display.java:892)
	at org.eclipse.swt.graphics.Device.<init>(Device.java:156)
	at org.eclipse.swt.widgets.Display.<init>(Display.java:512)
	at org.eclipse.swt.widgets.Display.<init>(Display.java:503)
	at org.eclipse.ui.internal.Workbench.createDisplay(Workbench.java:750)
	at org.eclipse.ui.PlatformUI.createDisplay(PlatformUI.java:162)
	at org.eclipse.ui.internal.ide.application.IDEApplication.createDisplay(IDEApplication.java:169)
	at org.eclipse.ui.internal.ide.application.IDEApplication.start(IDEApplication.java:111)
	at org.eclipse.equinox.internal.app.EclipseAppHandle.run(EclipseAppHandle.java:196)
	at org.eclipse.core.runtime.internal.adaptor.EclipseAppLauncher.runApplication(EclipseAppLauncher.java:134)
	at org.eclipse.core.runtime.internal.adaptor.EclipseAppLauncher.start(EclipseAppLauncher.java:104)
	at org.eclipse.core.runtime.adaptor.EclipseStarter.run(EclipseStarter.java:380)
	at org.eclipse.core.runtime.adaptor.EclipseStarter.run(EclipseStarter.java:235)
	at sun.reflect.NativeMethodAccessorImpl.invoke0(Native Method)
	at sun.reflect.NativeMethodAccessorImpl.invoke(NativeMethodAccessorImpl.java:57)
	at sun.reflect.DelegatingMethodAccessorImpl.invoke(DelegatingMethodAccessorImpl.java:43)
	at java.lang.reflect.Method.invoke(Method.java:606)
	at org.eclipse.equinox.launcher.Main.invokeFramework(Main.java:669)
	at org.eclipse.equinox.launcher.Main.basicRun(Main.java:608)
	at org.eclipse.equinox.launcher.Main.run(Main.java:1515)
	at org.eclipse.equinox.launcher.Main.main(Main.java:1488)
