#
# A fatal error has been detected by the Java Runtime Environment:
#
#  SIGBUS (0x7) at pc=0x00007fe40d8a9fcd, pid=22198, tid=140616815994624
#
# JRE version: OpenJDK Runtime Environment (7.0_95) (build 1.7.0_95-b00)
# Java VM: OpenJDK 64-Bit Server VM (24.95-b01 mixed mode linux-amd64 compressed oops)
# Derivative: IcedTea 2.6.4
# Distribution: Ubuntu 14.04 LTS, package 7u95-2.6.4-0ubuntu0.14.04.2
# Problematic frame:
# C  [libzip.so+0x4fcd]
#
# Failed to write core dump. Core dumps have been disabled. To enable core dumping, try "ulimit -c unlimited" before starting Java again
#
# If you would like to submit a bug report, please include
# instructions on how to reproduce the bug and visit:
#   http://icedtea.classpath.org/bugzilla
# The crash happened outside the Java Virtual Machine in native code.
# See problematic frame for where to report the bug.
#

---------------  T H R E A D  ---------------

Current thread (0x00007fe4089c9000):  JavaThread "Topology Updates" [_thread_in_native, id=22221, stack(0x00007fe3e74de000,0x00007fe3e75df000)]

siginfo:si_signo=SIGBUS: si_errno=0, si_code=2 (BUS_ADRERR), si_addr=0x00007fe40c883b0d

Registers:
RAX=0x00000000022b5180, RBX=0x00007fe4080f8f40, RCX=0x00007fe41095a760, RDX=0x00000000022b5180
RSP=0x00007fe3e75dbb60, RBP=0x00007fe3e75dbbc0, RSI=0x00007fe41095a778, RDI=0x00000000022bd390
R8 =0x0000000000000003, R9 =0x0000000000000016, R10=0x00007fe405080a58, R11=0x00000000d6878868
R12=0x00007fe40814b368, R13=0x00007fe40c883af0, R14=0x00000000022b5180, R15=0x00000000052b41db
RIP=0x00007fe40d8a9fcd, EFLAGS=0x0000000000010206, CSGSFS=0x0000000000000033, ERR=0x0000000000000004
  TRAPNO=0x000000000000000e

Top of Stack: (sp=0x00007fe3e75dbb60)
0x00007fe3e75dbb60:   00207fe300000002 0000000000000000
0x00007fe3e75dbb70:   0000000100000000 000000000fae1f56
0x00007fe3e75dbb80:   0000000000000000 00007fe40f8e87dc
0x00007fe3e75dbb90:   00007fe3e75dbc30 00007fe40814b360
0x00007fe3e75dbba0:   00007fe4080f8f40 00007fe3e75dbc30
0x00007fe3e75dbbb0:   00007fe3f0036270 00000000052b41db
0x00007fe3e75dbbc0:   00007fe3e75dbc10 00007fe40d8aad7d
0x00007fe3e75dbbd0:   0000000000000000 0000001600000000
0x00007fe3e75dbbe0:   00007fe400000000 00007fe3e75dbc30
0x00007fe3e75dbbf0:   00007fe3e75dc088 00007fe3e75dbc30
0x00007fe3e75dbc00:   0000000000000016 00007fe4089c91d8
0x00007fe3e75dbc10:   00007fe3e75dc070 00007fe40d8a89c8
0x00007fe3e75dbc20:   00000001105ea029 00007fe4080f8f40
0x00007fe3e75dbc30:   34666c732f67726f 72656b72614d2f6a
0x00007fe3e75dbc40:   00007373616c632e 00007fe40fae8669
0x00007fe3e75dbc50:   0000000000000000 00007fe400000020
0x00007fe3e75dbc60:   00007fe40fae866b 00007fe4f749a1a8
0x00007fe3e75dbc70:   00007fe3e75dbda0 00007fe400000000
0x00007fe3e75dbc80:   00007fe400000000 00007fe3e75dbd50
0x00007fe3e75dbc90:   00007fe3e75dbdc0 00007fe400000000
0x00007fe3e75dbca0:   0000000000000000 00007fe300000000
0x00007fe3e75dbcb0:   0000000000000000 00007fe300000000
0x00007fe3e75dbcc0:   0000000000000000 0000000000000000
0x00007fe3e75dbcd0:   0000003000000000 00007fe300000000
0x00007fe3e75dbce0:   00007fe300000025 0000000000000000
0x00007fe3e75dbcf0:   0000000000000000 0000000000000000
0x00007fe3e75dbd00:   0000000000000000 00007fe400000004
0x00007fe3e75dbd10:   ffffffffffffffff 0000000000000025
0x00007fe3e75dbd20:   0020000000000000 0000000000000000
0x00007fe3e75dbd30:   ffffffffffffffff 00007fe40fae8669
0x00007fe3e75dbd40:   0000000000000000 0000000000000025
0x00007fe3e75dbd50:   00007fe40fae866b 00007fe40fad4e2a 

Instructions: (pc=0x00007fe40d8a9fcd)
0x00007fe40d8a9fad:   73 48 48 8b 7b 10 b9 a0 00 00 00 49 8b 14 24 e8
0x00007fe40d8a9fbd:   8f fe ff ff 49 89 c5 4d 85 ed 0f 84 d3 04 00 00
0x00007fe40d8a9fcd:   41 0f b6 55 1d 41 0f b6 45 1c 45 31 e4 41 0f b6
0x00007fe40d8a9fdd:   75 0d 41 0f b6 7d 0e 45 0f b6 7d 1f c1 e2 08 09 

Register to memory mapping:

RAX=0x00000000022b5180 is an unknown value
RBX=0x00007fe4080f8f40 is an unknown value
RCX=0x00007fe41095a760: <offset 0x3be760> in /lib/x86_64-linux-gnu/libc.so.6 at 0x00007fe41059c000
RDX=0x00000000022b5180 is an unknown value
RSP=0x00007fe3e75dbb60 is pointing into the stack for thread: 0x00007fe4089c9000
RBP=0x00007fe3e75dbbc0 is pointing into the stack for thread: 0x00007fe4089c9000
RSI=0x00007fe41095a778: <offset 0x3be778> in /lib/x86_64-linux-gnu/libc.so.6 at 0x00007fe41059c000
RDI=0x00000000022bd390 is an unknown value
R8 =0x0000000000000003 is an unknown value
R9 =0x0000000000000016 is an unknown value
R10=0x00007fe405080a58 is at entry_point+88 in (nmethod*)0x00007fe405080890
R11=